2013/02/08 18:05:08 [error] [php] date(): It is not safe to rely on the system's timezone settings. You are *required* to use the date.timezone setting or the date_default_timezone_set() function. In case you used any of those methods and you are still getting this warning, you most likely misspelled the timezone identifier. We selected 'UTC' for 'GMT/0.0/no DST' instead (/Users/Jonathon/Sites/mawl/app/protected/views/layouts/main.php:51)
Stack trace:
#0 /Users/Jonathon/Sites/mawl/yii/framework/web/CBaseController.php(95): SiteController->renderInternal()
#1 /Users/Jonathon/Sites/mawl/yii/framework/web/widgets/CContentDecorator.php(76): SiteController->renderFile()
#2 /Users/Jonathon/Sites/mawl/yii/framework/web/widgets/CContentDecorator.php(54): CContentDecorator->decorate()
#3 /Users/Jonathon/Sites/mawl/yii/framework/web/widgets/COutputProcessor.php(44): CContentDecorator->processOutput()
#4 /Users/Jonathon/Sites/mawl/yii/framework/web/CBaseController.php(206): CContentDecorator->run()
#5 /Users/Jonathon/Sites/mawl/yii/framework/web/CBaseController.php(300): SiteController->endWidget()
#6 /Users/Jonathon/Sites/mawl/app/protected/views/layouts/column1.php(6): SiteController->endContent()
#7 /Users/Jonathon/Sites/mawl/yii/framework/web/CBaseController.php(126): require()
#8 /Users/Jonathon/Sites/mawl/yii/framework/web/CBaseController.php(95): SiteController->renderInternal()
#9 /Users/Jonathon/Sites/mawl/yii/framework/web/CController.php(784): SiteController->renderFile()
#10 /Users/Jonathon/Sites/mawl/app/protected/controllers/SiteController.php(32): SiteController->render()
#11 /Users/Jonathon/Sites/mawl/yii/framework/web/actions/CInlineAction.php(49): SiteController->actionIndex()
#12 /Users/Jonathon/Sites/mawl/yii/framework/web/CController.php(308): CInlineAction->runWithParams()
#13 /Users/Jonathon/Sites/mawl/yii/framework/web/CController.php(286): SiteController->runAction()
#14 /Users/Jonathon/Sites/mawl/yii/framework/web/CController.php(265): SiteController->runActionWithFilters()
#15 /Users/Jonathon/Sites/mawl/yii/framework/web/CWebApplication.php(282): SiteController->run()
#16 /Users/Jonathon/Sites/mawl/yii/framework/web/CWebApplication.php(141): CWebApplication->runController()
#17 /Users/Jonathon/Sites/mawl/yii/framework/base/CApplication.php(169): CWebApplication->processRequest()
#18 /Users/Jonathon/Sites/mawl/app/index.php(13): CWebApplication->run()
REQUEST_URI=/~Jonathon/mawl/app/
in /Users/Jonathon/Sites/mawl/app/protected/views/layouts/main.php (51)
in /Users/Jonathon/Sites/mawl/app/protected/views/layouts/column1.php (6)
in /Users/Jonathon/Sites/mawl/app/protected/controllers/SiteController.php (32)
2013/02/09 15:37:27 [error] [exception.CHttpException.404] exception 'CHttpException' with message 'The requested view "index" was not found.' in /Users/Jonathon/Sites/mawl/yii/framework/web/actions/CViewAction.php:112
Stack trace:
#0 /Users/Jonathon/Sites/mawl/yii/framework/web/actions/CViewAction.php(123): CViewAction->resolveView('index')
#1 /Users/Jonathon/Sites/mawl/yii/framework/web/actions/CAction.php(76): CViewAction->run()
#2 /Users/Jonathon/Sites/mawl/yii/framework/web/CController.php(308): CAction->runWithParams(Array)
#3 /Users/Jonathon/Sites/mawl/yii/framework/web/CController.php(286): CController->runAction(Object(CViewAction))
#4 /Users/Jonathon/Sites/mawl/yii/framework/web/CController.php(265): CController->runActionWithFilters(Object(CViewAction), Array)
#5 /Users/Jonathon/Sites/mawl/yii/framework/web/CWebApplication.php(282): CController->run('page')
#6 /Users/Jonathon/Sites/mawl/yii/framework/web/CWebApplication.php(141): CWebApplication->runController('site/page')
#7 /Users/Jonathon/Sites/mawl/yii/framework/base/CApplication.php(169): CWebApplication->processRequest()
#8 /Users/Jonathon/Sites/mawl/app/index.php(13): CApplication->run()
#9 {main}
REQUEST_URI=/~Jonathon/mawl/app/index.php?r=site/page
---
2013/02/09 15:37:37 [error] [exception.CHttpException.404] exception 'CHttpException' with message 'The requested view "index" was not found.' in /Users/Jonathon/Sites/mawl/yii/framework/web/actions/CViewAction.php:112
Stack trace:
#0 /Users/Jonathon/Sites/mawl/yii/framework/web/actions/CViewAction.php(123): CViewAction->resolveView('index')
#1 /Users/Jonathon/Sites/mawl/yii/framework/web/actions/CAction.php(76): CViewAction->run()
#2 /Users/Jonathon/Sites/mawl/yii/framework/web/CController.php(308): CAction->runWithParams(Array)
#3 /Users/Jonathon/Sites/mawl/yii/framework/web/CController.php(286): CController->runAction(Object(CViewAction))
#4 /Users/Jonathon/Sites/mawl/yii/framework/web/CController.php(265): CController->runActionWithFilters(Object(CViewAction), Array)
#5 /Users/Jonathon/Sites/mawl/yii/framework/web/CWebApplication.php(282): CController->run('page')
#6 /Users/Jonathon/Sites/mawl/yii/framework/web/CWebApplication.php(141): CWebApplication->runController('site/page')
#7 /Users/Jonathon/Sites/mawl/yii/framework/base/CApplication.php(169): CWebApplication->processRequest()
#8 /Users/Jonathon/Sites/mawl/app/index.php(13): CApplication->run()
#9 {main}
REQUEST_URI=/~Jonathon/mawl/app/index.php?r=site/page
---
2013/02/09 16:04:52 [error] [exception.CHttpException.404] exception 'CHttpException' with message 'The system is unable to find the requested action "account".' in /Users/Jonathon/Sites/mawl/yii/framework/web/CController.php:483
Stack trace:
#0 /Users/Jonathon/Sites/mawl/yii/framework/web/CController.php(270): CController->missingAction('account')
#1 /Users/Jonathon/Sites/mawl/yii/framework/web/CWebApplication.php(282): CController->run('account')
#2 /Users/Jonathon/Sites/mawl/yii/framework/web/CWebApplication.php(141): CWebApplication->runController('site/account')
#3 /Users/Jonathon/Sites/mawl/yii/framework/base/CApplication.php(169): CWebApplication->processRequest()
#4 /Users/Jonathon/Sites/mawl/app/index.php(13): CApplication->run()
#5 {main}
REQUEST_URI=/~Jonathon/mawl/app/index.php?r=site/account
---
